<?xml version="1.0" encoding="UTF-8"?>
<!-- Generated by org.testng.reporters.JUnitReportReporter -->
<testsuite hostname="Ambikas-MacBook-Air.local" failures="0" tests="32" name="cb.loadDoc.AddDocumentTest" time="5.411" errors="0" timestamp="16 Jul 2019 18:58:16 GMT" skipped="0">
  <testcase classname="cb.loadDoc.AddDocumentTest" name="testExpiredDoc" time="0.017"/>
  <testcase classname="cb.loadDoc.AddDocumentTest" name="concurrentTest" time="0.006"/>
  <testcase classname="cb.loadDoc.AddDocumentTest" name="testSyncAddNewDoc" time="0.005"/>
  <testcase classname="cb.loadDoc.AddDocumentTest" name="testFileSize" time="0.004"/>
  <testcase classname="cb.loadDoc.AddDocumentTest" name="concurrentTest" time="0.008"/>
  <testcase classname="cb.loadDoc.AddDocumentTest" name="concurrentTest" time="0.005"/>
  <testcase classname="cb.loadDoc.AddDocumentTest" name="concurrentTest" time="0.006"/>
  <testcase classname="cb.loadDoc.AddDocumentTest" name="concurrentTest" time="0.007"/>
  <testcase classname="cb.loadDoc.AddDocumentTest" name="insertJsonFromFile" time="0.035"/>
  <testcase classname="cb.loadDoc.AddDocumentTest" name="concurrentTest" time="0.008"/>
  <testcase classname="cb.loadDoc.AddDocumentTest" name="concurrentTest" time="0.006"/>
  <testcase classname="cb.loadDoc.AddDocumentTest" name="concurrentTest" time="0.005"/>
  <testcase classname="cb.loadDoc.AddDocumentTest" name="concurrentTest" time="0.007"/>
  <testcase classname="cb.loadDoc.AddDocumentTest" name="testSyncAddExistingDoc" time="0.010"/>
  <testcase classname="cb.loadDoc.AddDocumentTest" name="testAsyncNonJsonDoc" time="0.007"/>
  <testcase classname="cb.loadDoc.AddDocumentTest" name="testSyncNonJsonDoc" time="0.006"/>
  <testcase classname="cb.loadDoc.AddDocumentTest" name="testSyncAddNewDoc" time="0.007"/>
  <testcase classname="cb.loadDoc.AddDocumentTest" name="concurrentTest" time="0.006"/>
  <testcase classname="cb.loadDoc.AddDocumentTest" name="removeDocument" time="0.019"/>
  <testcase classname="cb.loadDoc.AddDocumentTest" name="concurrentTest" time="0.006"/>
  <testcase classname="cb.loadDoc.AddDocumentTest" name="testAddWithExpiry" time="5.010"/>
  <testcase classname="cb.loadDoc.AddDocumentTest" name="testSyncAddExistingDoc" time="0.005"/>
  <testcase classname="cb.loadDoc.AddDocumentTest" name="testAsyncAddNewDoc" time="0.005"/>
  <testcase classname="cb.loadDoc.AddDocumentTest" name="testAsyncEmptyDoc" time="0.005"/>
  <testcase classname="cb.loadDoc.AddDocumentTest" name="concurrentTest" time="0.006"/>
  <testcase classname="cb.loadDoc.AddDocumentTest" name="concurrentTest" time="0.007"/>
  <testcase classname="cb.loadDoc.AddDocumentTest" name="testSyncEmptyDoc" time="0.003"/>
  <testcase classname="cb.loadDoc.AddDocumentTest" name="bulkInsert" time="0.027"/>
  <testcase classname="cb.loadDoc.AddDocumentTest" name="concurrentTest" time="0.005"/>
  <testcase classname="cb.loadDoc.AddDocumentTest" name="testMaxCount" time="0.145"/>
  <testcase classname="cb.loadDoc.AddDocumentTest" name="concurrentTest" time="0.006"/>
  <testcase classname="cb.loadDoc.AddDocumentTest" name="concurrentTest" time="0.007"/>
</testsuite> <!-- cb.loadDoc.AddDocumentTest -->
