<?xml version="1.0" encoding="UTF-8"?>
<!-- Generated by org.testng.reporters.JUnitReportReporter -->
<testsuite hostname="Ambikas-MacBook-Air.local" failures="0" tests="2" name="cb.loadDoc.ClusterConnectionTest" time="0.028" errors="0" timestamp="16 Jul 2019 18:58:16 GMT" skipped="0">
  <testcase classname="cb.loadDoc.ClusterConnectionTest" name="invalidConnection" time="0.022"/>
  <testcase classname="cb.loadDoc.ClusterConnectionTest" name="setUpConnectionTest" time="0.006"/>
</testsuite> <!-- cb.loadDoc.ClusterConnectionTest -->
