<?xml version="1.0" encoding="UTF-8"?>
<!-- Generated by org.testng.reporters.JUnitReportReporter -->
<testsuite skipped="0" hostname="Ambikas-MacBook-Air.local" name="cb.loadDoc.ClusterConnectionTest" tests="2" failures="0" timestamp="16 Jul 2019 19:00:42 GMT" time="0.012" errors="0">
  <testcase name="setUpConnectionTest" time="0.002" classname="cb.loadDoc.ClusterConnectionTest"/>
  <testcase name="invalidConnection" time="0.010" classname="cb.loadDoc.ClusterConnectionTest"/>
</testsuite> <!-- cb.loadDoc.ClusterConnectionTest -->
