<?xml version="1.0" encoding="UTF-8"?>
<!-- Generated by org.testng.reporters.JUnitReportReporter -->
<testsuite skipped="0" hostname="Ambikas-MacBook-Air.local" name="cb.loadDoc.AddDocumentTest" tests="32" failures="0" timestamp="16 Jul 2019 19:00:42 GMT" time="5.317" errors="0">
  <testcase name="concurrentTest" time="0.006" classname="cb.loadDoc.AddDocumentTest"/>
  <testcase name="concurrentTest" time="0.005" classname="cb.loadDoc.AddDocumentTest"/>
  <testcase name="testAsyncNonJsonDoc" time="0.001" classname="cb.loadDoc.AddDocumentTest"/>
  <testcase name="testAddWithExpiry" time="5.011" classname="cb.loadDoc.AddDocumentTest"/>
  <testcase name="concurrentTest" time="0.004" classname="cb.loadDoc.AddDocumentTest"/>
  <testcase name="concurrentTest" time="0.008" classname="cb.loadDoc.AddDocumentTest"/>
  <testcase name="testMaxCount" time="0.096" classname="cb.loadDoc.AddDocumentTest"/>
  <testcase name="concurrentTest" time="0.005" classname="cb.loadDoc.AddDocumentTest"/>
  <testcase name="testAsyncAddNewDoc" time="0.001" classname="cb.loadDoc.AddDocumentTest"/>
  <testcase name="concurrentTest" time="0.005" classname="cb.loadDoc.AddDocumentTest"/>
  <testcase name="testAsyncEmptyDoc" time="0.001" classname="cb.loadDoc.AddDocumentTest"/>
  <testcase name="testSyncEmptyDoc" time="0.001" classname="cb.loadDoc.AddDocumentTest"/>
  <testcase name="testExpiredDoc" time="0.005" classname="cb.loadDoc.AddDocumentTest"/>
  <testcase name="testFileSize" time="0.001" classname="cb.loadDoc.AddDocumentTest"/>
  <testcase name="testSyncAddExistingDoc" time="0.006" classname="cb.loadDoc.AddDocumentTest"/>
  <testcase name="concurrentTest" time="0.005" classname="cb.loadDoc.AddDocumentTest"/>
  <testcase name="testSyncAddNewDoc" time="0.003" classname="cb.loadDoc.AddDocumentTest"/>
  <testcase name="removeDocument" time="0.010" classname="cb.loadDoc.AddDocumentTest"/>
  <testcase name="testSyncAddNewDoc" time="0.003" classname="cb.loadDoc.AddDocumentTest"/>
  <testcase name="bulkInsert" time="0.004" classname="cb.loadDoc.AddDocumentTest"/>
  <testcase name="insertJsonFromFile" time="0.068" classname="cb.loadDoc.AddDocumentTest"/>
  <testcase name="concurrentTest" time="0.010" classname="cb.loadDoc.AddDocumentTest"/>
  <testcase name="testSyncAddExistingDoc" time="0.003" classname="cb.loadDoc.AddDocumentTest"/>
  <testcase name="concurrentTest" time="0.006" classname="cb.loadDoc.AddDocumentTest"/>
  <testcase name="testSyncNonJsonDoc" time="0.001" classname="cb.loadDoc.AddDocumentTest"/>
  <testcase name="concurrentTest" time="0.006" classname="cb.loadDoc.AddDocumentTest"/>
  <testcase name="concurrentTest" time="0.005" classname="cb.loadDoc.AddDocumentTest"/>
  <testcase name="concurrentTest" time="0.011" classname="cb.loadDoc.AddDocumentTest"/>
  <testcase name="concurrentTest" time="0.005" classname="cb.loadDoc.AddDocumentTest"/>
  <testcase name="concurrentTest" time="0.005" classname="cb.loadDoc.AddDocumentTest"/>
  <testcase name="concurrentTest" time="0.009" classname="cb.loadDoc.AddDocumentTest"/>
  <testcase name="concurrentTest" time="0.007" classname="cb.loadDoc.AddDocumentTest"/>
</testsuite> <!-- cb.loadDoc.AddDocumentTest -->
